0 info it worked if it ends with ok
1 verbose cli [ '/usr/bin/node', '/bin/npm', 'install', 'node' ]
2 info using npm@3.10.10
3 info using node@v6.17.1
4 silly loadCurrentTree Starting
5 silly install loadCurrentTree
6 silly install readLocalPackageData
7 silly fetchPackageMetaData node
8 silly fetchNamedPackageData node
9 silly mapToRegistry name node
10 silly mapToRegistry using default registry
11 silly mapToRegistry registry https://registry.npmjs.org/
12 silly mapToRegistry data Result {
12 silly mapToRegistry   raw: 'node',
12 silly mapToRegistry   scope: null,
12 silly mapToRegistry   escapedName: 'node',
12 silly mapToRegistry   name: 'node',
12 silly mapToRegistry   rawSpec: '',
12 silly mapToRegistry   spec: 'latest',
12 silly mapToRegistry   type: 'tag' }
13 silly mapToRegistry uri https://registry.npmjs.org/node
14 verbose request uri https://registry.npmjs.org/node
15 verbose request no auth needed
16 info attempt registry request try #1 at 1:54:58 PM
17 verbose request id 540e5e4248855563
18 http request GET https://registry.npmjs.org/node
19 http 200 https://registry.npmjs.org/node
20 verbose headers { date: 'Thu, 30 Jul 2020 13:54:59 GMT',
20 verbose headers   'content-type': 'application/json',
20 verbose headers   'transfer-encoding': 'chunked',
20 verbose headers   connection: 'keep-alive',
20 verbose headers   'set-cookie': [ '__cfduid=d0d7a55e14c463e92790c98e33875f2341596117298; expires=Sat, 29-Aug-20 13:54:58 GMT; path=/; domain=.npmjs.org; HttpOnly; SameSite=Lax' ],
20 verbose headers   'cf-ray': '5baf931e3a6f7183-ORD',
20 verbose headers   'cache-control': 'public, max-age=300',
20 verbose headers   etag: 'W/"f67647977a084240b4a28cd139e0976d"',
20 verbose headers   'last-modified': 'Thu, 09 Jul 2020 23:22:34 GMT',
20 verbose headers   vary: 'accept-encoding, accept',
20 verbose headers   'cf-cache-status': 'DYNAMIC',
20 verbose headers   'cf-request-id': '04419a46e200007183d60f6200000001',
20 verbose headers   'expect-ct': 'max-age=604800, report-uri="https://report-uri.cloudflare.com/cdn-cgi/beacon/expect-ct"',
20 verbose headers   server: 'cloudflare',
20 verbose headers   'content-encoding': 'gzip' }
21 silly get cb [ 200,
21 silly get   { date: 'Thu, 30 Jul 2020 13:54:59 GMT',
21 silly get     'content-type': 'application/json',
21 silly get     'transfer-encoding': 'chunked',
21 silly get     connection: 'keep-alive',
21 silly get     'set-cookie': [ '__cfduid=d0d7a55e14c463e92790c98e33875f2341596117298; expires=Sat, 29-Aug-20 13:54:58 GMT; path=/; domain=.npmjs.org; HttpOnly; SameSite=Lax' ],
21 silly get     'cf-ray': '5baf931e3a6f7183-ORD',
21 silly get     'cache-control': 'public, max-age=300',
21 silly get     etag: 'W/"f67647977a084240b4a28cd139e0976d"',
21 silly get     'last-modified': 'Thu, 09 Jul 2020 23:22:34 GMT',
21 silly get     vary: 'accept-encoding, accept',
21 silly get     'cf-cache-status': 'DYNAMIC',
21 silly get     'cf-request-id': '04419a46e200007183d60f6200000001',
21 silly get     'expect-ct': 'max-age=604800, report-uri="https://report-uri.cloudflare.com/cdn-cgi/beacon/expect-ct"',
21 silly get     server: 'cloudflare',
21 silly get     'content-encoding': 'gzip' } ]
22 verbose get saving node to /root/.npm/registry.npmjs.org/node/.cache.json
23 verbose correctMkdir /root/.npm correctMkdir not in flight; initializing
24 silly install normalizeTree
25 silly loadCurrentTree Finishing
26 silly loadIdealTree Starting
27 silly install loadIdealTree
28 silly cloneCurrentTree Starting
29 silly install cloneCurrentTreeToIdealTree
30 silly cloneCurrentTree Finishing
31 silly loadShrinkwrap Starting
32 silly install loadShrinkwrap
33 silly loadShrinkwrap Finishing
34 silly loadAllDepsIntoIdealTree Starting
35 silly install loadAllDepsIntoIdealTree
36 silly resolveWithNewModule node@14.5.0 checking installable status
37 silly cache add args [ 'node', null ]
38 verbose cache add spec node
39 silly cache add parsed spec Result {
39 silly cache add   raw: 'node',
39 silly cache add   scope: null,
39 silly cache add   escapedName: 'node',
39 silly cache add   name: 'node',
39 silly cache add   rawSpec: '',
39 silly cache add   spec: 'latest',
39 silly cache add   type: 'tag' }
40 silly addNamed node@latest
41 verbose addNamed "latest" is being treated as a dist-tag for node
42 info addNameTag [ 'node', 'latest' ]
43 silly mapToRegistry name node
44 silly mapToRegistry using default registry
45 silly mapToRegistry registry https://registry.npmjs.org/
46 silly mapToRegistry data Result {
46 silly mapToRegistry   raw: 'node',
46 silly mapToRegistry   scope: null,
46 silly mapToRegistry   escapedName: 'node',
46 silly mapToRegistry   name: 'node',
46 silly mapToRegistry   rawSpec: '',
46 silly mapToRegistry   spec: 'latest',
46 silly mapToRegistry   type: 'tag' }
47 silly mapToRegistry uri https://registry.npmjs.org/node
48 verbose addNameTag registry:https://registry.npmjs.org/node not in flight; fetching
49 verbose get https://registry.npmjs.org/node not expired, no request
50 silly addNameTag next cb for node with tag latest
51 silly addNamed node@14.5.0
52 verbose addNamed "14.5.0" is a plain semver version for node
53 silly mapToRegistry name node
54 silly mapToRegistry using default registry
55 silly mapToRegistry registry https://registry.npmjs.org/
56 silly mapToRegistry data Result {
56 silly mapToRegistry   raw: 'node',
56 silly mapToRegistry   scope: null,
56 silly mapToRegistry   escapedName: 'node',
56 silly mapToRegistry   name: 'node',
56 silly mapToRegistry   rawSpec: '',
56 silly mapToRegistry   spec: 'latest',
56 silly mapToRegistry   type: 'tag' }
57 silly mapToRegistry uri https://registry.npmjs.org/node
58 verbose addRemoteTarball https://registry.npmjs.org/node/-/node-14.5.0.tgz not in flight; adding
59 verbose addRemoteTarball [ 'https://registry.npmjs.org/node/-/node-14.5.0.tgz',
59 verbose addRemoteTarball   '9b41f8e6790225a6ffae0ff3e355cad55c745c65' ]
60 info retry fetch attempt 1 at 1:54:59 PM
61 info attempt registry request try #1 at 1:54:59 PM
62 http fetch GET https://registry.npmjs.org/node/-/node-14.5.0.tgz
63 http fetch 200 https://registry.npmjs.org/node/-/node-14.5.0.tgz
64 silly fetchAndShaCheck shasum 9b41f8e6790225a6ffae0ff3e355cad55c745c65
65 verbose addTmpTarball /tmp/npm-3821-a2a2389b/registry.npmjs.org/node/-/node-14.5.0.tgz not in flight; adding
66 verbose addTmpTarball already have metadata; skipping unpack for node@14.5.0
67 verbose correctMkdir /root/.npm correctMkdir not in flight; initializing
68 silly cache afterAdd node@14.5.0
69 verbose afterAdd /root/.npm/node/14.5.0/package/package.json not in flight; writing
70 verbose correctMkdir /root/.npm correctMkdir not in flight; initializing
71 verbose afterAdd /root/.npm/node/14.5.0/package/package.json written
72 silly fetchNamedPackageData node-bin-setup
73 silly mapToRegistry name node-bin-setup
74 silly mapToRegistry using default registry
75 silly mapToRegistry registry https://registry.npmjs.org/
76 silly mapToRegistry data Result {
76 silly mapToRegistry   raw: 'node-bin-setup',
76 silly mapToRegistry   scope: null,
76 silly mapToRegistry   escapedName: 'node-bin-setup',
76 silly mapToRegistry   name: 'node-bin-setup',
76 silly mapToRegistry   rawSpec: '',
76 silly mapToRegistry   spec: 'latest',
76 silly mapToRegistry   type: 'tag' }
77 silly mapToRegistry uri https://registry.npmjs.org/node-bin-setup
78 verbose request uri https://registry.npmjs.org/node-bin-setup
79 verbose request no auth needed
80 info attempt registry request try #1 at 1:55:00 PM
81 http request GET https://registry.npmjs.org/node-bin-setup
82 http 200 https://registry.npmjs.org/node-bin-setup
83 verbose headers { date: 'Thu, 30 Jul 2020 13:55:00 GMT',
83 verbose headers   'content-type': 'application/json; charset=UTF-8',
83 verbose headers   'transfer-encoding': 'chunked',
83 verbose headers   connection: 'keep-alive',
83 verbose headers   'set-cookie': [ '__cfduid=d991aa0e5532bb38d12ade30b6fc6721d1596117300; expires=Sat, 29-Aug-20 13:55:00 GMT; path=/; domain=.npmjs.org; HttpOnly; SameSite=Lax' ],
83 verbose headers   'cf-ray': '5baf93257e927183-ORD',
83 verbose headers   'cache-control': 'public, max-age=300',
83 verbose headers   etag: 'W/"696d6ec470fda56a33885508a280edab"',
83 verbose headers   'last-modified': 'Sun, 27 May 2018 09:55:03 GMT',
83 verbose headers   vary: 'accept-encoding, accept',
83 verbose headers   'cf-cache-status': 'DYNAMIC',
83 verbose headers   'cf-request-id': '04419a4b6700007183d611f200000001',
83 verbose headers   'expect-ct': 'max-age=604800, report-uri="https://report-uri.cloudflare.com/cdn-cgi/beacon/expect-ct"',
83 verbose headers   server: 'cloudflare',
83 verbose headers   'content-encoding': 'gzip' }
84 silly get cb [ 200,
84 silly get   { date: 'Thu, 30 Jul 2020 13:55:00 GMT',
84 silly get     'content-type': 'application/json; charset=UTF-8',
84 silly get     'transfer-encoding': 'chunked',
84 silly get     connection: 'keep-alive',
84 silly get     'set-cookie': [ '__cfduid=d991aa0e5532bb38d12ade30b6fc6721d1596117300; expires=Sat, 29-Aug-20 13:55:00 GMT; path=/; domain=.npmjs.org; HttpOnly; SameSite=Lax' ],
84 silly get     'cf-ray': '5baf93257e927183-ORD',
84 silly get     'cache-control': 'public, max-age=300',
84 silly get     etag: 'W/"696d6ec470fda56a33885508a280edab"',
84 silly get     'last-modified': 'Sun, 27 May 2018 09:55:03 GMT',
84 silly get     vary: 'accept-encoding, accept',
84 silly get     'cf-cache-status': 'DYNAMIC',
84 silly get     'cf-request-id': '04419a4b6700007183d611f200000001',
84 silly get     'expect-ct': 'max-age=604800, report-uri="https://report-uri.cloudflare.com/cdn-cgi/beacon/expect-ct"',
84 silly get     server: 'cloudflare',
84 silly get     'content-encoding': 'gzip' } ]
85 verbose get saving node-bin-setup to /root/.npm/registry.npmjs.org/node-bin-setup/.cache.json
86 verbose correctMkdir /root/.npm correctMkdir not in flight; initializing
87 silly resolveWithNewModule node-bin-setup@1.0.6 checking installable status
88 silly cache add args [ 'node-bin-setup@^1.0.0', null ]
89 verbose cache add spec node-bin-setup@^1.0.0
90 silly cache add parsed spec Result {
90 silly cache add   raw: 'node-bin-setup@^1.0.0',
90 silly cache add   scope: null,
90 silly cache add   escapedName: 'node-bin-setup',
90 silly cache add   name: 'node-bin-setup',
90 silly cache add   rawSpec: '^1.0.0',
90 silly cache add   spec: '>=1.0.0 <2.0.0',
90 silly cache add   type: 'range' }
91 silly addNamed node-bin-setup@>=1.0.0 <2.0.0
92 verbose addNamed ">=1.0.0 <2.0.0" is a valid semver range for node-bin-setup
93 silly addNameRange { name: 'node-bin-setup',
93 silly addNameRange   range: '>=1.0.0 <2.0.0',
93 silly addNameRange   hasData: false }
94 silly mapToRegistry name node-bin-setup
95 silly mapToRegistry using default registry
96 silly mapToRegistry registry https://registry.npmjs.org/
97 silly mapToRegistry data Result {
97 silly mapToRegistry   raw: 'node-bin-setup',
97 silly mapToRegistry   scope: null,
97 silly mapToRegistry   escapedName: 'node-bin-setup',
97 silly mapToRegistry   name: 'node-bin-setup',
97 silly mapToRegistry   rawSpec: '',
97 silly mapToRegistry   spec: 'latest',
97 silly mapToRegistry   type: 'tag' }
98 silly mapToRegistry uri https://registry.npmjs.org/node-bin-setup
99 verbose addNameRange registry:https://registry.npmjs.org/node-bin-setup not in flight; fetching
100 verbose get https://registry.npmjs.org/node-bin-setup not expired, no request
101 silly addNameRange number 2 { name: 'node-bin-setup',
101 silly addNameRange   range: '>=1.0.0 <2.0.0',
101 silly addNameRange   hasData: true }
102 silly addNameRange versions [ 'node-bin-setup',
102 silly addNameRange   [ '1.0.0', '1.0.1', '1.0.2', '1.0.3', '1.0.4', '1.0.6' ] ]
103 silly addNamed node-bin-setup@1.0.6
104 verbose addNamed "1.0.6" is a plain semver version for node-bin-setup
105 silly mapToRegistry name node-bin-setup
106 silly mapToRegistry using default registry
107 silly mapToRegistry registry https://registry.npmjs.org/
108 silly mapToRegistry data Result {
108 silly mapToRegistry   raw: 'node-bin-setup',
108 silly mapToRegistry   scope: null,
108 silly mapToRegistry   escapedName: 'node-bin-setup',
108 silly mapToRegistry   name: 'node-bin-setup',
108 silly mapToRegistry   rawSpec: '',
108 silly mapToRegistry   spec: 'latest',
108 silly mapToRegistry   type: 'tag' }
109 silly mapToRegistry uri https://registry.npmjs.org/node-bin-setup
110 verbose addRemoteTarball https://registry.npmjs.org/node-bin-setup/-/node-bin-setup-1.0.6.tgz not in flight; adding
111 verbose addRemoteTarball [ 'https://registry.npmjs.org/node-bin-setup/-/node-bin-setup-1.0.6.tgz',
111 verbose addRemoteTarball   '4b5c9bb937ece702d7069b36ca78af4684677528' ]
112 info retry fetch attempt 1 at 1:55:00 PM
113 info attempt registry request try #1 at 1:55:00 PM
114 http fetch GET https://registry.npmjs.org/node-bin-setup/-/node-bin-setup-1.0.6.tgz
115 http fetch 200 https://registry.npmjs.org/node-bin-setup/-/node-bin-setup-1.0.6.tgz
116 silly fetchAndShaCheck shasum 4b5c9bb937ece702d7069b36ca78af4684677528
117 verbose addTmpTarball /tmp/npm-3821-a2a2389b/registry.npmjs.org/node-bin-setup/-/node-bin-setup-1.0.6.tgz not in flight; adding
118 verbose addTmpTarball already have metadata; skipping unpack for node-bin-setup@1.0.6
119 verbose correctMkdir /root/.npm correctMkdir not in flight; initializing
120 silly cache afterAdd node-bin-setup@1.0.6
121 verbose afterAdd /root/.npm/node-bin-setup/1.0.6/package/package.json not in flight; writing
122 verbose correctMkdir /root/.npm correctMkdir not in flight; initializing
123 verbose afterAdd /root/.npm/node-bin-setup/1.0.6/package/package.json written
124 silly loadAllDepsIntoIdealTree Finishing
125 silly loadIdealTree Finishing
126 silly currentTree tutorials.step-by-step@1.0.0
126 silly currentTree ├── @babel/code-frame@7.10.4
126 silly currentTree ├── @babel/helper-validator-identifier@7.10.4
126 silly currentTree ├─┬ @babel/highlight@7.10.4
126 silly currentTree │ └── chalk@2.4.2
126 silly currentTree ├── @babel/parser@7.10.5
126 silly currentTree ├── @babel/types@7.10.5
126 silly currentTree ├── @types/color-name@1.1.1
126 silly currentTree ├── accepts@1.3.7
126 silly currentTree ├── acorn-jsx@5.2.0
126 silly currentTree ├── acorn@7.3.1
126 silly currentTree ├── after@0.8.2
126 silly currentTree ├── ajv@6.12.3
126 silly currentTree ├── ansi-colors@4.1.1
126 silly currentTree ├── ansi-regex@5.0.0
126 silly currentTree ├── ansi-styles@3.2.1
126 silly currentTree ├── argparse@1.0.10
126 silly currentTree ├── array-flatten@1.1.1
126 silly currentTree ├── arraybuffer.slice@0.0.7
126 silly currentTree ├── asap@2.0.6
126 silly currentTree ├── asn1@0.2.4
126 silly currentTree ├── assert-never@1.2.1
126 silly currentTree ├── assert-plus@1.0.0
126 silly currentTree ├── astral-regex@1.0.0
126 silly currentTree ├── async-limiter@1.0.1
126 silly currentTree ├── async@0.9.2
126 silly currentTree ├── asynckit@0.4.0
126 silly currentTree ├── aws-sign2@0.7.0
126 silly currentTree ├── aws4@1.10.0
126 silly currentTree ├── babel-walk@3.0.0-canary-5
126 silly currentTree ├── backo2@1.0.2
126 silly currentTree ├── balanced-match@1.0.0
126 silly currentTree ├── base64-arraybuffer@0.1.5
126 silly currentTree ├── base64-js@1.3.1
126 silly currentTree ├── base64id@2.0.0
126 silly currentTree ├── basic-auth@2.0.1
126 silly currentTree ├── bcrypt-pbkdf@1.0.2
126 silly currentTree ├── better-assert@1.0.2
126 silly currentTree ├── bl@2.2.0
126 silly currentTree ├── blob@0.0.5
126 silly currentTree ├── bluebird@3.5.1
126 silly currentTree ├─┬ body-parser@1.19.0
126 silly currentTree │ ├── debug@2.6.9
126 silly currentTree │ └── http-errors@1.7.2
126 silly currentTree ├── brace-expansion@1.1.11
126 silly currentTree ├── bson@1.1.4
126 silly currentTree ├── buffer-equal-constant-time@1.0.1
126 silly currentTree ├── buffer-from@1.1.1
126 silly currentTree ├── bytes@3.1.0
126 silly currentTree ├── callback-stream@1.1.0
126 silly currentTree ├── callsite@1.0.0
126 silly currentTree ├── callsites@3.1.0
126 silly currentTree ├── canonicalize@1.0.1
126 silly currentTree ├── caseless@0.12.0
126 silly currentTree ├─┬ chalk@4.1.0
126 silly currentTree │ ├── ansi-styles@4.2.1
126 silly currentTree │ ├── color-convert@2.0.1
126 silly currentTree │ ├── color-name@1.1.4
126 silly currentTree │ ├── has-flag@4.0.0
126 silly currentTree │ └── supports-color@7.1.0
126 silly currentTree ├── character-parser@2.2.0
126 silly currentTree ├── clone@2.1.2
126 silly currentTree ├── color-convert@1.9.3
126 silly currentTree ├── color-name@1.1.3
126 silly currentTree ├── combined-stream@1.0.8
126 silly currentTree ├── commist@1.1.0
126 silly currentTree ├── component-bind@1.0.0
126 silly currentTree ├── component-emitter@1.2.1
126 silly currentTree ├── component-inherit@0.0.3
126 silly currentTree ├── concat-map@0.0.1
126 silly currentTree ├── concat-stream@1.6.2
126 silly currentTree ├── connect-flash@0.1.1
126 silly currentTree ├── constantinople@4.0.1
126 silly currentTree ├── content-disposition@0.5.3
126 silly currentTree ├── content-type@1.0.4
126 silly currentTree ├── cookie-parser@1.4.5
126 silly currentTree ├── cookie-signature@1.0.6
126 silly currentTree ├── cookie@0.4.0
126 silly currentTree ├── cookiejar@2.0.6
126 silly currentTree ├── core-util-is@1.0.2
126 silly currentTree ├── cross-spawn@7.0.3
126 silly currentTree ├── d@1.0.1
126 silly currentTree ├── dashdash@1.14.1
126 silly currentTree ├─┬ debug@4.1.1
126 silly currentTree │ └── ms@2.1.2
126 silly currentTree ├── deep-extend@0.5.1
126 silly currentTree ├── deep-is@0.1.3
126 silly currentTree ├── define-properties@1.1.3
126 silly currentTree ├── delayed-stream@1.0.0
126 silly currentTree ├── denque@1.4.1
126 silly currentTree ├── depd@1.1.2
126 silly currentTree ├── destroy@1.0.4
126 silly currentTree ├── doctrine@3.0.0
126 silly currentTree ├── doctypes@1.1.0
126 silly currentTree ├── duplexify@3.7.1
126 silly currentTree ├── ecc-jsbn@0.1.2
126 silly currentTree ├── ecdsa-sig-formatter@1.0.11
126 silly currentTree ├── ee-first@1.1.1
126 silly currentTree ├── emoji-regex@7.0.3
126 silly currentTree ├── encodeurl@1.0.2
126 silly currentTree ├── end-of-stream@1.4.4
126 silly currentTree ├─┬ engine.io-client@3.4.3
126 silly currentTree │ ├── component-emitter@1.3.0
126 silly currentTree │ └── ws@6.1.4
126 silly currentTree ├── engine.io-parser@2.2.0
126 silly currentTree ├─┬ engine.io@3.4.2
126 silly currentTree │ ├── cookie@0.3.1
126 silly currentTree │ └── ws@7.3.1
126 silly currentTree ├── enquirer@2.3.6
126 silly currentTree ├── es-abstract@1.17.6
126 silly currentTree ├── es-to-primitive@1.2.1
126 silly currentTree ├── es5-ext@0.10.53
126 silly currentTree ├── es6-iterator@2.0.3
126 silly currentTree ├── es6-map@0.1.5
126 silly currentTree ├─┬ es6-set@0.1.5
126 silly currentTree │ └── es6-symbol@3.1.1
126 silly currentTree ├── es6-symbol@3.1.3
126 silly currentTree ├── escape-html@1.0.3
126 silly currentTree ├── escape-string-regexp@1.0.5
126 silly currentTree ├── eslint-config-tamia@7.2.5
126 silly currentTree ├── eslint-plugin-prettier@3.1.4
126 silly currentTree ├── eslint-scope@5.1.0
126 silly currentTree ├── eslint-utils@2.1.0
126 silly currentTree ├── eslint-visitor-keys@1.3.0
126 silly currentTree ├─┬ eslint@7.5.0
126 silly currentTree │ ├── glob-parent@5.1.1
126 silly currentTree │ ├── is-glob@4.0.1
126 silly currentTree │ └── semver@7.3.2
126 silly currentTree ├── espree@7.2.0
126 silly currentTree ├── esprima@4.0.1
126 silly currentTree ├─┬ esquery@1.3.1
126 silly currentTree │ └── estraverse@5.1.0
126 silly currentTree ├── esrecurse@4.2.1
126 silly currentTree ├── estraverse@4.3.0
126 silly currentTree ├── esutils@2.0.3
126 silly currentTree ├── etag@1.8.1
126 silly currentTree ├── event-emitter@0.3.5
126 silly currentTree ├─┬ express-session@1.17.1
126 silly currentTree │ ├── debug@2.6.9
126 silly currentTree │ ├── depd@2.0.0
126 silly currentTree │ └── safe-buffer@5.2.0
126 silly currentTree ├─┬ express@4.17.1
126 silly currentTree │ └── debug@2.6.9
126 silly currentTree ├─┬ ext@1.4.0
126 silly currentTree │ └── type@2.0.0
126 silly currentTree ├── extend@3.0.2
126 silly currentTree ├── extsprintf@1.3.0
126 silly currentTree ├── fast-deep-equal@3.1.3
126 silly currentTree ├── fast-diff@1.2.0
126 silly currentTree ├── fast-json-stable-stringify@2.1.0
126 silly currentTree ├── fast-levenshtein@2.0.6
126 silly currentTree ├── file-entry-cache@5.0.1
126 silly currentTree ├─┬ finalhandler@1.1.2
126 silly currentTree │ └── debug@2.6.9
126 silly currentTree ├── flat-cache@2.0.1
126 silly currentTree ├── flatted@2.0.2
126 silly currentTree ├── forever-agent@0.6.1
126 silly currentTree ├── form-data@2.3.3
126 silly currentTree ├── formidable@1.0.17
126 silly currentTree ├── forwarded@0.1.2
126 silly currentTree ├── fresh@0.5.2
126 silly currentTree ├── fs-monkey@1.0.1
126 silly currentTree ├── fs.realpath@1.0.0
126 silly currentTree ├── function-bind@1.1.1
126 silly currentTree ├── functional-red-black-tree@1.0.1
126 silly currentTree ├── getpass@0.1.7
126 silly currentTree ├── glob-parent@3.1.0
126 silly currentTree ├── glob-stream@6.1.0
126 silly currentTree ├── glob@7.1.6
126 silly currentTree ├── globals@12.4.0
126 silly currentTree ├── har-schema@2.0.0
126 silly currentTree ├── har-validator@5.1.5
126 silly currentTree ├─┬ has-binary2@1.0.3
126 silly currentTree │ └── isarray@2.0.1
126 silly currentTree ├── has-cors@1.1.0
126 silly currentTree ├── has-flag@3.0.0
126 silly currentTree ├── has-symbols@1.0.1
126 silly currentTree ├── has@1.0.3
126 silly currentTree ├── help-me@1.1.0
126 silly currentTree ├─┬ http-errors@1.8.0
126 silly currentTree │ ├── inherits@2.0.4
126 silly currentTree │ └── setprototypeof@1.2.0
126 silly currentTree ├── http-signature@1.2.0
126 silly currentTree ├── iconv-lite@0.4.24
126 silly currentTree ├── ignore@4.0.6
126 silly currentTree ├─┬ import-fresh@3.2.1
126 silly currentTree │ └── resolve-from@4.0.0
126 silly currentTree ├── imurmurhash@0.1.4
126 silly currentTree ├── indexof@0.0.1
126 silly currentTree ├── inflight@1.0.6
126 silly currentTree ├── inherits@2.0.3
126 silly currentTree ├── ipaddr.js@1.9.1
126 silly currentTree ├── is-absolute@1.0.0
126 silly currentTree ├── is-callable@1.2.0
126 silly currentTree ├── is-date-object@1.0.2
126 silly currentTree ├── is-expression@4.0.0
126 silly currentTree ├── is-extglob@2.1.1
126 silly currentTree ├── is-fullwidth-code-point@2.0.0
126 silly currentTree ├── is-glob@3.1.0
126 silly currentTree ├── is-negated-glob@1.0.0
126 silly currentTree ├── is-promise@2.2.2
126 silly currentTree ├── is-regex@1.1.0
126 silly currentTree ├── is-relative@1.0.0
126 silly currentTree ├── is-symbol@1.0.3
126 silly currentTree ├── is-typedarray@1.0.0
126 silly currentTree ├── is-unc-path@1.0.0
126 silly currentTree ├── is-windows@1.0.2
126 silly currentTree ├── isarray@1.0.0
126 silly currentTree ├── isexe@2.0.0
126 silly currentTree ├── isstream@0.1.2
126 silly currentTree ├── js-stringify@1.0.2
126 silly currentTree ├── js-tokens@4.0.0
126 silly currentTree ├── js-yaml@3.14.0
126 silly currentTree ├── jsbn@0.1.1
126 silly currentTree ├── json-schema-traverse@0.4.1
126 silly currentTree ├── json-schema@0.2.3
126 silly currentTree ├── json-stable-stringify-without-jsonify@1.0.1
126 silly currentTree ├── json-stringify-safe@5.0.1
126 silly currentTree ├── jsonld@3.1.1
126 silly currentTree ├─┬ jsonwebtoken@8.5.1
126 silly currentTree │ ├── ms@2.1.2
126 silly currentTree │ └── semver@5.7.1
126 silly currentTree ├── jsprim@1.4.1
126 silly currentTree ├── jstransformer@1.0.0
126 silly currentTree ├── jwa@1.4.1
126 silly currentTree ├── jws@3.2.2
126 silly currentTree ├── kareem@2.3.1
126 silly currentTree ├── leven@2.1.0
126 silly currentTree ├── levn@0.4.1
126 silly currentTree ├── lodash.includes@4.3.0
126 silly currentTree ├── lodash.isboolean@3.0.3
126 silly currentTree ├── lodash.isinteger@4.0.4
126 silly currentTree ├── lodash.isnumber@3.0.3
126 silly currentTree ├── lodash.isplainobject@4.0.6
126 silly currentTree ├── lodash.isstring@4.0.1
126 silly currentTree ├── lodash.once@4.1.1
126 silly currentTree ├── lodash@4.17.19
126 silly currentTree ├── lru-cache@5.1.1
126 silly currentTree ├── media-typer@0.3.0
126 silly currentTree ├── memfs@3.2.0
126 silly currentTree ├── memory-pager@1.5.0
126 silly currentTree ├── merge-descriptors@1.0.1
126 silly currentTree ├── methods@1.1.2
126 silly currentTree ├── mime-db@1.44.0
126 silly currentTree ├── mime-types@2.1.27
126 silly currentTree ├── mime@1.6.0
126 silly currentTree ├── minimatch@3.0.4
126 silly currentTree ├── minimist@1.2.5
126 silly currentTree ├── mkdirp@0.5.5
126 silly currentTree ├── moment@2.27.0
126 silly currentTree ├── mongodb@3.5.9
126 silly currentTree ├── mongoose-legacy-pluralize@1.0.2
126 silly currentTree ├─┬ mongoose@5.9.26
126 silly currentTree │ ├── ms@2.1.2
126 silly currentTree │ └── safe-buffer@5.2.1
126 silly currentTree ├─┬ morgan@1.10.0
126 silly currentTree │ ├── debug@2.6.9
126 silly currentTree │ └── depd@2.0.0
126 silly currentTree ├── mpath@0.7.0
126 silly currentTree ├─┬ mqtt-packet@6.3.2
126 silly currentTree │ └── bl@1.2.2
126 silly currentTree ├── mqtt@4.1.0
126 silly currentTree ├─┬ mquery@3.2.2
126 silly currentTree │ └── debug@3.1.0
126 silly currentTree ├── ms@2.0.0
126 silly currentTree ├── natural-compare@1.4.0
126 silly currentTree ├── negotiator@0.6.2
126 silly currentTree ├── next-tick@1.0.0
126 silly currentTree ├── ngsi_v2@0.1.0
126 silly currentTree ├── node-cache@5.1.2
126 silly currentTree ├── node-forge@0.9.1
126 silly currentTree ├── oauth-sign@0.9.0
126 silly currentTree ├── object-assign@4.1.1
126 silly currentTree ├── object-component@0.0.3
126 silly currentTree ├── object-inspect@1.8.0
126 silly currentTree ├── object-keys@1.1.1
126 silly currentTree ├── object.assign@4.1.0
126 silly currentTree ├── object.fromentries@2.0.2
126 silly currentTree ├── on-finished@2.3.0
126 silly currentTree ├── on-headers@1.0.2
126 silly currentTree ├── once@1.4.0
126 silly currentTree ├── optionator@0.9.1
126 silly currentTree ├── ordered-read-streams@1.0.1
126 silly currentTree ├── parent-module@1.0.1
126 silly currentTree ├── parse-links@0.1.0
126 silly currentTree ├── parseqs@0.0.5
126 silly currentTree ├── parseuri@0.0.5
126 silly currentTree ├── parseurl@1.3.3
126 silly currentTree ├── path-dirname@1.0.2
126 silly currentTree ├── path-is-absolute@1.0.1
126 silly currentTree ├── path-key@3.1.1
126 silly currentTree ├── path-parse@1.0.6
126 silly currentTree ├── path-to-regexp@0.1.7
126 silly currentTree ├── performance-now@2.1.0
126 silly currentTree ├── prelude-ls@1.2.1
126 silly currentTree ├── prettier-linter-helpers@1.0.0
126 silly currentTree ├── prettier@2.0.5
126 silly currentTree ├── process-nextick-args@2.0.1
126 silly currentTree ├── progress@2.0.3
126 silly currentTree ├── promise@7.3.1
126 silly currentTree ├── proxy-addr@2.0.6
126 silly currentTree ├── psl@1.8.0
126 silly currentTree ├── pug-attrs@3.0.0
126 silly currentTree ├── pug-code-gen@3.0.1
126 silly currentTree ├── pug-error@2.0.0
126 silly currentTree ├── pug-filters@4.0.0
126 silly currentTree ├── pug-lexer@5.0.0
126 silly currentTree ├── pug-linker@4.0.0
126 silly currentTree ├── pug-load@3.0.0
126 silly currentTree ├── pug-parser@6.0.0
126 silly currentTree ├── pug-runtime@3.0.0
126 silly currentTree ├── pug-strip-comments@2.0.0
126 silly currentTree ├── pug-walk@2.0.0
126 silly currentTree ├── pug@3.0.0
126 silly currentTree ├── pump@3.0.0
126 silly currentTree ├─┬ pumpify@1.5.1
126 silly currentTree │ └── pump@2.0.1
126 silly currentTree ├── punycode@2.1.1
126 silly currentTree ├── qs@6.7.0
126 silly currentTree ├── random-bytes@1.0.0
126 silly currentTree ├── range-parser@1.2.1
126 silly currentTree ├─┬ raw-body@2.4.0
126 silly currentTree │ └── http-errors@1.7.2
126 silly currentTree ├── rdf-canonize@1.1.0
126 silly currentTree ├── readable-stream@2.3.7
126 silly currentTree ├── reduce-component@1.0.1
126 silly currentTree ├── regexp-clone@1.0.0
126 silly currentTree ├── regexpp@3.1.0
126 silly currentTree ├── reinterval@1.1.0
126 silly currentTree ├── remove-trailing-separator@1.1.0
126 silly currentTree ├── request-promise-core@1.1.4
126 silly currentTree ├── request-promise@4.2.6
126 silly currentTree ├─┬ request@2.88.2
126 silly currentTree │ └── qs@6.5.2
126 silly currentTree ├─┬ require_optional@1.0.1
126 silly currentTree │ └── semver@5.7.1
126 silly currentTree ├── resolve-from@2.0.0
126 silly currentTree ├── resolve@1.17.0
126 silly currentTree ├── rimraf@2.6.3
126 silly currentTree ├── safe-buffer@5.1.2
126 silly currentTree ├── safer-buffer@2.1.2
126 silly currentTree ├── saslprep@1.0.3
126 silly currentTree ├── sax@1.2.4
126 silly currentTree ├── semver@6.3.0
126 silly currentTree ├─┬ send@0.17.1
126 silly currentTree │ ├─┬ debug@2.6.9
126 silly currentTree │ │ └── ms@2.0.0
126 silly currentTree │ ├── http-errors@1.7.3
126 silly currentTree │ ├── inherits@2.0.4
126 silly currentTree │ └── ms@2.1.1
126 silly currentTree ├── serve-static@1.14.1
126 silly currentTree ├── setprototypeof@1.1.1
126 silly currentTree ├── shebang-command@2.0.0
126 silly currentTree ├── shebang-regex@3.0.0
126 silly currentTree ├── sift@7.0.1
126 silly currentTree ├── slice-ansi@2.1.0
126 silly currentTree ├── sliced@1.0.1
126 silly currentTree ├── socket.io-adapter@1.1.2
126 silly currentTree ├─┬ socket.io-client@2.3.0
126 silly currentTree │ ├── isarray@2.0.1
126 silly currentTree │ └─┬ socket.io-parser@3.3.0
126 silly currentTree │   └── debug@3.1.0
126 silly currentTree ├─┬ socket.io-parser@3.4.1
126 silly currentTree │ └── isarray@2.0.1
126 silly currentTree ├── socket.io@2.3.0
126 silly currentTree ├── sparse-bitfield@3.0.3
126 silly currentTree ├─┬ split2@3.1.1
126 silly currentTree │ └── readable-stream@3.6.0
126 silly currentTree ├── sprintf-js@1.0.3
126 silly currentTree ├── sshpk@1.16.1
126 silly currentTree ├── statuses@1.5.0
126 silly currentTree ├── stealthy-require@1.1.1
126 silly currentTree ├── stream-shift@1.0.1
126 silly currentTree ├── string_decoder@1.1.1
126 silly currentTree ├─┬ string-width@3.1.0
126 silly currentTree │ ├── ansi-regex@4.1.0
126 silly currentTree │ └── strip-ansi@5.2.0
126 silly currentTree ├── string.prototype.trimend@1.0.1
126 silly currentTree ├── string.prototype.trimstart@1.0.1
126 silly currentTree ├── strip-ansi@6.0.0
126 silly currentTree ├── strip-json-comments@3.1.1
126 silly currentTree ├─┬ superagent@1.7.1
126 silly currentTree │ ├── combined-stream@0.0.7
126 silly currentTree │ ├── debug@2.6.9
126 silly currentTree │ ├── delayed-stream@0.0.5
126 silly currentTree │ ├── extend@1.2.1
126 silly currentTree │ ├── form-data@0.2.0
126 silly currentTree │ ├── isarray@0.0.1
126 silly currentTree │ ├── mime-db@1.12.0
126 silly currentTree │ ├── mime-types@2.0.14
126 silly currentTree │ ├── mime@1.3.4
126 silly currentTree │ ├── qs@2.3.3
126 silly currentTree │ ├── readable-stream@1.0.27-1
126 silly currentTree │ └── string_decoder@0.10.31
126 silly currentTree ├── supports-color@5.5.0
126 silly currentTree ├── table@5.4.6
126 silly currentTree ├── text-table@0.2.0
126 silly currentTree ├── through2-filter@3.0.0
126 silly currentTree ├── through2@2.0.5
126 silly currentTree ├── to-absolute-glob@2.0.2
126 silly currentTree ├── to-array@0.1.4
126 silly currentTree ├── to-fast-properties@2.0.0
126 silly currentTree ├── toidentifier@1.0.0
126 silly currentTree ├── token-stream@1.0.0
126 silly currentTree ├── tough-cookie@2.5.0
126 silly currentTree ├── tunnel-agent@0.6.0
126 silly currentTree ├── tweetnacl@0.14.5
126 silly currentTree ├── twitter@1.7.1
126 silly currentTree ├── type-check@0.4.0
126 silly currentTree ├── type-fest@0.8.1
126 silly currentTree ├── type-is@1.6.18
126 silly currentTree ├── type@1.2.0
126 silly currentTree ├── typedarray@0.0.6
126 silly currentTree ├── uid-safe@2.1.5
126 silly currentTree ├── ultron@1.1.1
126 silly currentTree ├── unc-path-regex@0.1.2
126 silly currentTree ├── unique-stream@2.3.1
126 silly currentTree ├── unpipe@1.0.0
126 silly currentTree ├── uri-js@4.2.2
126 silly currentTree ├── util-deprecate@1.0.2
126 silly currentTree ├── utils-merge@1.0.1
126 silly currentTree ├── uuid@3.4.0
126 silly currentTree ├── v8-compile-cache@2.1.1
126 silly currentTree ├── vary@1.1.2
126 silly currentTree ├── verror@1.10.0
126 silly currentTree ├── void-elements@3.1.0
126 silly currentTree ├── websocket-stream@5.5.2
126 silly currentTree ├── which@2.0.2
126 silly currentTree ├── with@7.0.2
126 silly currentTree ├── word-wrap@1.2.3
126 silly currentTree ├── wrappy@1.0.2
126 silly currentTree ├── write@1.0.3
126 silly currentTree ├── ws@3.3.3
126 silly currentTree ├─┬ xml-parser@1.2.1
126 silly currentTree │ └── debug@2.6.9
126 silly currentTree ├── xml2js@0.4.23
126 silly currentTree ├── xmlbuilder@11.0.1
126 silly currentTree ├── xmldom@0.1.19
126 silly currentTree ├── xmlhttprequest-ssl@1.5.5
126 silly currentTree ├── xtend@4.0.2
126 silly currentTree ├── yallist@3.1.1
126 silly currentTree └── yeast@0.1.2
127 silly idealTree tutorials.step-by-step@1.0.0
127 silly idealTree ├── @babel/code-frame@7.10.4
127 silly idealTree ├── @babel/helper-validator-identifier@7.10.4
127 silly idealTree ├─┬ @babel/highlight@7.10.4
127 silly idealTree │ └── chalk@2.4.2
127 silly idealTree ├── @babel/parser@7.10.5
127 silly idealTree ├── @babel/types@7.10.5
127 silly idealTree ├── @types/color-name@1.1.1
127 silly idealTree ├── accepts@1.3.7
127 silly idealTree ├── acorn-jsx@5.2.0
127 silly idealTree ├── acorn@7.3.1
127 silly idealTree ├── after@0.8.2
127 silly idealTree ├── ajv@6.12.3
127 silly idealTree ├── ansi-colors@4.1.1
127 silly idealTree ├── ansi-regex@5.0.0
127 silly idealTree ├── ansi-styles@3.2.1
127 silly idealTree ├── argparse@1.0.10
127 silly idealTree ├── array-flatten@1.1.1
127 silly idealTree ├── arraybuffer.slice@0.0.7
127 silly idealTree ├── asap@2.0.6
127 silly idealTree ├── asn1@0.2.4
127 silly idealTree ├── assert-never@1.2.1
127 silly idealTree ├── assert-plus@1.0.0
127 silly idealTree ├── astral-regex@1.0.0
127 silly idealTree ├── async-limiter@1.0.1
127 silly idealTree ├── async@0.9.2
127 silly idealTree ├── asynckit@0.4.0
127 silly idealTree ├── aws-sign2@0.7.0
127 silly idealTree ├── aws4@1.10.0
127 silly idealTree ├── babel-walk@3.0.0-canary-5
127 silly idealTree ├── backo2@1.0.2
127 silly idealTree ├── balanced-match@1.0.0
127 silly idealTree ├── base64-arraybuffer@0.1.5
127 silly idealTree ├── base64-js@1.3.1
127 silly idealTree ├── base64id@2.0.0
127 silly idealTree ├── basic-auth@2.0.1
127 silly idealTree ├── bcrypt-pbkdf@1.0.2
127 silly idealTree ├── better-assert@1.0.2
127 silly idealTree ├── bl@2.2.0
127 silly idealTree ├── blob@0.0.5
127 silly idealTree ├── bluebird@3.5.1
127 silly idealTree ├─┬ body-parser@1.19.0
127 silly idealTree │ ├── debug@2.6.9
127 silly idealTree │ └── http-errors@1.7.2
127 silly idealTree ├── brace-expansion@1.1.11
127 silly idealTree ├── bson@1.1.4
127 silly idealTree ├── buffer-equal-constant-time@1.0.1
127 silly idealTree ├── buffer-from@1.1.1
127 silly idealTree ├── bytes@3.1.0
127 silly idealTree ├── callback-stream@1.1.0
127 silly idealTree ├── callsite@1.0.0
127 silly idealTree ├── callsites@3.1.0
127 silly idealTree ├── canonicalize@1.0.1
127 silly idealTree ├── caseless@0.12.0
127 silly idealTree ├─┬ chalk@4.1.0
127 silly idealTree │ ├── ansi-styles@4.2.1
127 silly idealTree │ ├── color-convert@2.0.1
127 silly idealTree │ ├── color-name@1.1.4
127 silly idealTree │ ├── has-flag@4.0.0
127 silly idealTree │ └── supports-color@7.1.0
127 silly idealTree ├── character-parser@2.2.0
127 silly idealTree ├── clone@2.1.2
127 silly idealTree ├── color-convert@1.9.3
127 silly idealTree ├── color-name@1.1.3
127 silly idealTree ├── combined-stream@1.0.8
127 silly idealTree ├── commist@1.1.0
127 silly idealTree ├── component-bind@1.0.0
127 silly idealTree ├── component-emitter@1.2.1
127 silly idealTree ├── component-inherit@0.0.3
127 silly idealTree ├── concat-map@0.0.1
127 silly idealTree ├── concat-stream@1.6.2
127 silly idealTree ├── connect-flash@0.1.1
127 silly idealTree ├── constantinople@4.0.1
127 silly idealTree ├── content-disposition@0.5.3
127 silly idealTree ├── content-type@1.0.4
127 silly idealTree ├── cookie-parser@1.4.5
127 silly idealTree ├── cookie-signature@1.0.6
127 silly idealTree ├── cookie@0.4.0
127 silly idealTree ├── cookiejar@2.0.6
127 silly idealTree ├── core-util-is@1.0.2
127 silly idealTree ├── cross-spawn@7.0.3
127 silly idealTree ├── d@1.0.1
127 silly idealTree ├── dashdash@1.14.1
127 silly idealTree ├─┬ debug@4.1.1
127 silly idealTree │ └── ms@2.1.2
127 silly idealTree ├── deep-extend@0.5.1
127 silly idealTree ├── deep-is@0.1.3
127 silly idealTree ├── define-properties@1.1.3
127 silly idealTree ├── delayed-stream@1.0.0
127 silly idealTree ├── denque@1.4.1
127 silly idealTree ├── depd@1.1.2
127 silly idealTree ├── destroy@1.0.4
127 silly idealTree ├── doctrine@3.0.0
127 silly idealTree ├── doctypes@1.1.0
127 silly idealTree ├── duplexify@3.7.1
127 silly idealTree ├── ecc-jsbn@0.1.2
127 silly idealTree ├── ecdsa-sig-formatter@1.0.11
127 silly idealTree ├── ee-first@1.1.1
127 silly idealTree ├── emoji-regex@7.0.3
127 silly idealTree ├── encodeurl@1.0.2
127 silly idealTree ├── end-of-stream@1.4.4
127 silly idealTree ├─┬ engine.io-client@3.4.3
127 silly idealTree │ ├── component-emitter@1.3.0
127 silly idealTree │ └── ws@6.1.4
127 silly idealTree ├── engine.io-parser@2.2.0
127 silly idealTree ├─┬ engine.io@3.4.2
127 silly idealTree │ ├── cookie@0.3.1
127 silly idealTree │ └── ws@7.3.1
127 silly idealTree ├── enquirer@2.3.6
127 silly idealTree ├── es-abstract@1.17.6
127 silly idealTree ├── es-to-primitive@1.2.1
127 silly idealTree ├── es5-ext@0.10.53
127 silly idealTree ├── es6-iterator@2.0.3
127 silly idealTree ├── es6-map@0.1.5
127 silly idealTree ├─┬ es6-set@0.1.5
127 silly idealTree │ └── es6-symbol@3.1.1
127 silly idealTree ├── es6-symbol@3.1.3
127 silly idealTree ├── escape-html@1.0.3
127 silly idealTree ├── escape-string-regexp@1.0.5
127 silly idealTree ├── eslint-config-tamia@7.2.5
127 silly idealTree ├── eslint-plugin-prettier@3.1.4
127 silly idealTree ├── eslint-scope@5.1.0
127 silly idealTree ├── eslint-utils@2.1.0
127 silly idealTree ├── eslint-visitor-keys@1.3.0
127 silly idealTree ├─┬ eslint@7.5.0
127 silly idealTree │ ├── glob-parent@5.1.1
127 silly idealTree │ ├── is-glob@4.0.1
127 silly idealTree │ └── semver@7.3.2
127 silly idealTree ├── espree@7.2.0
127 silly idealTree ├── esprima@4.0.1
127 silly idealTree ├─┬ esquery@1.3.1
127 silly idealTree │ └── estraverse@5.1.0
127 silly idealTree ├── esrecurse@4.2.1
127 silly idealTree ├── estraverse@4.3.0
127 silly idealTree ├── esutils@2.0.3
127 silly idealTree ├── etag@1.8.1
127 silly idealTree ├── event-emitter@0.3.5
127 silly idealTree ├─┬ express-session@1.17.1
127 silly idealTree │ ├── debug@2.6.9
127 silly idealTree │ ├── depd@2.0.0
127 silly idealTree │ └── safe-buffer@5.2.0
127 silly idealTree ├─┬ express@4.17.1
127 silly idealTree │ └── debug@2.6.9
127 silly idealTree ├─┬ ext@1.4.0
127 silly idealTree │ └── type@2.0.0
127 silly idealTree ├── extend@3.0.2
127 silly idealTree ├── extsprintf@1.3.0
127 silly idealTree ├── fast-deep-equal@3.1.3
127 silly idealTree ├── fast-diff@1.2.0
127 silly idealTree ├── fast-json-stable-stringify@2.1.0
127 silly idealTree ├── fast-levenshtein@2.0.6
127 silly idealTree ├── file-entry-cache@5.0.1
127 silly idealTree ├─┬ finalhandler@1.1.2
127 silly idealTree │ └── debug@2.6.9
127 silly idealTree ├── flat-cache@2.0.1
127 silly idealTree ├── flatted@2.0.2
127 silly idealTree ├── forever-agent@0.6.1
127 silly idealTree ├── form-data@2.3.3
127 silly idealTree ├── formidable@1.0.17
127 silly idealTree ├── forwarded@0.1.2
127 silly idealTree ├── fresh@0.5.2
127 silly idealTree ├── fs-monkey@1.0.1
127 silly idealTree ├── fs.realpath@1.0.0
127 silly idealTree ├── function-bind@1.1.1
127 silly idealTree ├── functional-red-black-tree@1.0.1
127 silly idealTree ├── getpass@0.1.7
127 silly idealTree ├── glob-parent@3.1.0
127 silly idealTree ├── glob-stream@6.1.0
127 silly idealTree ├── glob@7.1.6
127 silly idealTree ├── globals@12.4.0
127 silly idealTree ├── har-schema@2.0.0
127 silly idealTree ├── har-validator@5.1.5
127 silly idealTree ├─┬ has-binary2@1.0.3
127 silly idealTree │ └── isarray@2.0.1
127 silly idealTree ├── has-cors@1.1.0
127 silly idealTree ├── has-flag@3.0.0
127 silly idealTree ├── has-symbols@1.0.1
127 silly idealTree ├── has@1.0.3
127 silly idealTree ├── help-me@1.1.0
127 silly idealTree ├─┬ http-errors@1.8.0
127 silly idealTree │ ├── inherits@2.0.4
127 silly idealTree │ └── setprototypeof@1.2.0
127 silly idealTree ├── http-signature@1.2.0
127 silly idealTree ├── iconv-lite@0.4.24
127 silly idealTree ├── ignore@4.0.6
127 silly idealTree ├─┬ import-fresh@3.2.1
127 silly idealTree │ └── resolve-from@4.0.0
127 silly idealTree ├── imurmurhash@0.1.4
127 silly idealTree ├── indexof@0.0.1
127 silly idealTree ├── inflight@1.0.6
127 silly idealTree ├── inherits@2.0.3
127 silly idealTree ├── ipaddr.js@1.9.1
127 silly idealTree ├── is-absolute@1.0.0
127 silly idealTree ├── is-callable@1.2.0
127 silly idealTree ├── is-date-object@1.0.2
127 silly idealTree ├── is-expression@4.0.0
127 silly idealTree ├── is-extglob@2.1.1
127 silly idealTree ├── is-fullwidth-code-point@2.0.0
127 silly idealTree ├── is-glob@3.1.0
127 silly idealTree ├── is-negated-glob@1.0.0
127 silly idealTree ├── is-promise@2.2.2
127 silly idealTree ├── is-regex@1.1.0
127 silly idealTree ├── is-relative@1.0.0
127 silly idealTree ├── is-symbol@1.0.3
127 silly idealTree ├── is-typedarray@1.0.0
127 silly idealTree ├── is-unc-path@1.0.0
127 silly idealTree ├── is-windows@1.0.2
127 silly idealTree ├── isarray@1.0.0
127 silly idealTree ├── isexe@2.0.0
127 silly idealTree ├── isstream@0.1.2
127 silly idealTree ├── js-stringify@1.0.2
127 silly idealTree ├── js-tokens@4.0.0
127 silly idealTree ├── js-yaml@3.14.0
127 silly idealTree ├── jsbn@0.1.1
127 silly idealTree ├── json-schema-traverse@0.4.1
127 silly idealTree ├── json-schema@0.2.3
127 silly idealTree ├── json-stable-stringify-without-jsonify@1.0.1
127 silly idealTree ├── json-stringify-safe@5.0.1
127 silly idealTree ├── jsonld@3.1.1
127 silly idealTree ├─┬ jsonwebtoken@8.5.1
127 silly idealTree │ ├── ms@2.1.2
127 silly idealTree │ └── semver@5.7.1
127 silly idealTree ├── jsprim@1.4.1
127 silly idealTree ├── jstransformer@1.0.0
127 silly idealTree ├── jwa@1.4.1
127 silly idealTree ├── jws@3.2.2
127 silly idealTree ├── kareem@2.3.1
127 silly idealTree ├── leven@2.1.0
127 silly idealTree ├── levn@0.4.1
127 silly idealTree ├── lodash.includes@4.3.0
127 silly idealTree ├── lodash.isboolean@3.0.3
127 silly idealTree ├── lodash.isinteger@4.0.4
127 silly idealTree ├── lodash.isnumber@3.0.3
127 silly idealTree ├── lodash.isplainobject@4.0.6
127 silly idealTree ├── lodash.isstring@4.0.1
127 silly idealTree ├── lodash.once@4.1.1
127 silly idealTree ├── lodash@4.17.19
127 silly idealTree ├── lru-cache@5.1.1
127 silly idealTree ├── media-typer@0.3.0
127 silly idealTree ├── memfs@3.2.0
127 silly idealTree ├── memory-pager@1.5.0
127 silly idealTree ├── merge-descriptors@1.0.1
127 silly idealTree ├── methods@1.1.2
127 silly idealTree ├── mime-db@1.44.0
127 silly idealTree ├── mime-types@2.1.27
127 silly idealTree ├── mime@1.6.0
127 silly idealTree ├── minimatch@3.0.4
127 silly idealTree ├── minimist@1.2.5
127 silly idealTree ├── mkdirp@0.5.5
127 silly idealTree ├── moment@2.27.0
127 silly idealTree ├── mongodb@3.5.9
127 silly idealTree ├── mongoose-legacy-pluralize@1.0.2
127 silly idealTree ├─┬ mongoose@5.9.26
127 silly idealTree │ ├── ms@2.1.2
127 silly idealTree │ └── safe-buffer@5.2.1
127 silly idealTree ├─┬ morgan@1.10.0
127 silly idealTree │ ├── debug@2.6.9
127 silly idealTree │ └── depd@2.0.0
127 silly idealTree ├── mpath@0.7.0
127 silly idealTree ├─┬ mqtt-packet@6.3.2
127 silly idealTree │ └── bl@1.2.2
127 silly idealTree ├── mqtt@4.1.0
127 silly idealTree ├─┬ mquery@3.2.2
127 silly idealTree │ └── debug@3.1.0
127 silly idealTree ├── ms@2.0.0
127 silly idealTree ├── natural-compare@1.4.0
127 silly idealTree ├── negotiator@0.6.2
127 silly idealTree ├── next-tick@1.0.0
127 silly idealTree ├── ngsi_v2@0.1.0
127 silly idealTree ├── node-bin-setup@1.0.6
127 silly idealTree ├── node-cache@5.1.2
127 silly idealTree ├── node-forge@0.9.1
127 silly idealTree ├── node@14.5.0
127 silly idealTree ├── oauth-sign@0.9.0
127 silly idealTree ├── object-assign@4.1.1
127 silly idealTree ├── object-component@0.0.3
127 silly idealTree ├── object-inspect@1.8.0
127 silly idealTree ├── object-keys@1.1.1
127 silly idealTree ├── object.assign@4.1.0
127 silly idealTree ├── object.fromentries@2.0.2
127 silly idealTree ├── on-finished@2.3.0
127 silly idealTree ├── on-headers@1.0.2
127 silly idealTree ├── once@1.4.0
127 silly idealTree ├── optionator@0.9.1
127 silly idealTree ├── ordered-read-streams@1.0.1
127 silly idealTree ├── parent-module@1.0.1
127 silly idealTree ├── parse-links@0.1.0
127 silly idealTree ├── parseqs@0.0.5
127 silly idealTree ├── parseuri@0.0.5
127 silly idealTree ├── parseurl@1.3.3
127 silly idealTree ├── path-dirname@1.0.2
127 silly idealTree ├── path-is-absolute@1.0.1
127 silly idealTree ├── path-key@3.1.1
127 silly idealTree ├── path-parse@1.0.6
127 silly idealTree ├── path-to-regexp@0.1.7
127 silly idealTree ├── performance-now@2.1.0
127 silly idealTree ├── prelude-ls@1.2.1
127 silly idealTree ├── prettier-linter-helpers@1.0.0
127 silly idealTree ├── prettier@2.0.5
127 silly idealTree ├── process-nextick-args@2.0.1
127 silly idealTree ├── progress@2.0.3
127 silly idealTree ├── promise@7.3.1
127 silly idealTree ├── proxy-addr@2.0.6
127 silly idealTree ├── psl@1.8.0
127 silly idealTree ├── pug-attrs@3.0.0
127 silly idealTree ├── pug-code-gen@3.0.1
127 silly idealTree ├── pug-error@2.0.0
127 silly idealTree ├── pug-filters@4.0.0
127 silly idealTree ├── pug-lexer@5.0.0
127 silly idealTree ├── pug-linker@4.0.0
127 silly idealTree ├── pug-load@3.0.0
127 silly idealTree ├── pug-parser@6.0.0
127 silly idealTree ├── pug-runtime@3.0.0
127 silly idealTree ├── pug-strip-comments@2.0.0
127 silly idealTree ├── pug-walk@2.0.0
127 silly idealTree ├── pug@3.0.0
127 silly idealTree ├── pump@3.0.0
127 silly idealTree ├─┬ pumpify@1.5.1
127 silly idealTree │ └── pump@2.0.1
127 silly idealTree ├── punycode@2.1.1
127 silly idealTree ├── qs@6.7.0
127 silly idealTree ├── random-bytes@1.0.0
127 silly idealTree ├── range-parser@1.2.1
127 silly idealTree ├─┬ raw-body@2.4.0
127 silly idealTree │ └── http-errors@1.7.2
127 silly idealTree ├── rdf-canonize@1.1.0
127 silly idealTree ├── readable-stream@2.3.7
127 silly idealTree ├── reduce-component@1.0.1
127 silly idealTree ├── regexp-clone@1.0.0
127 silly idealTree ├── regexpp@3.1.0
127 silly idealTree ├── reinterval@1.1.0
127 silly idealTree ├── remove-trailing-separator@1.1.0
127 silly idealTree ├── request-promise-core@1.1.4
127 silly idealTree ├── request-promise@4.2.6
127 silly idealTree ├─┬ request@2.88.2
127 silly idealTree │ └── qs@6.5.2
127 silly idealTree ├─┬ require_optional@1.0.1
127 silly idealTree │ └── semver@5.7.1
127 silly idealTree ├── resolve-from@2.0.0
127 silly idealTree ├── resolve@1.17.0
127 silly idealTree ├── rimraf@2.6.3
127 silly idealTree ├── safe-buffer@5.1.2
127 silly idealTree ├── safer-buffer@2.1.2
127 silly idealTree ├── saslprep@1.0.3
127 silly idealTree ├── sax@1.2.4
127 silly idealTree ├── semver@6.3.0
127 silly idealTree ├─┬ send@0.17.1
127 silly idealTree │ ├─┬ debug@2.6.9
127 silly idealTree │ │ └── ms@2.0.0
127 silly idealTree │ ├── http-errors@1.7.3
127 silly idealTree │ ├── inherits@2.0.4
127 silly idealTree │ └── ms@2.1.1
127 silly idealTree ├── serve-static@1.14.1
127 silly idealTree ├── setprototypeof@1.1.1
127 silly idealTree ├── shebang-command@2.0.0
127 silly idealTree ├── shebang-regex@3.0.0
127 silly idealTree ├── sift@7.0.1
127 silly idealTree ├── slice-ansi@2.1.0
127 silly idealTree ├── sliced@1.0.1
127 silly idealTree ├── socket.io-adapter@1.1.2
127 silly idealTree ├─┬ socket.io-client@2.3.0
127 silly idealTree │ ├── isarray@2.0.1
127 silly idealTree │ └─┬ socket.io-parser@3.3.0
127 silly idealTree │   └── debug@3.1.0
127 silly idealTree ├─┬ socket.io-parser@3.4.1
127 silly idealTree │ └── isarray@2.0.1
127 silly idealTree ├── socket.io@2.3.0
127 silly idealTree ├── sparse-bitfield@3.0.3
127 silly idealTree ├─┬ split2@3.1.1
127 silly idealTree │ └── readable-stream@3.6.0
127 silly idealTree ├── sprintf-js@1.0.3
127 silly idealTree ├── sshpk@1.16.1
127 silly idealTree ├── statuses@1.5.0
127 silly idealTree ├── stealthy-require@1.1.1
127 silly idealTree ├── stream-shift@1.0.1
127 silly idealTree ├── string_decoder@1.1.1
127 silly idealTree ├─┬ string-width@3.1.0
127 silly idealTree │ ├── ansi-regex@4.1.0
127 silly idealTree │ └── strip-ansi@5.2.0
127 silly idealTree ├── string.prototype.trimend@1.0.1
127 silly idealTree ├── string.prototype.trimstart@1.0.1
127 silly idealTree ├── strip-ansi@6.0.0
127 silly idealTree ├── strip-json-comments@3.1.1
127 silly idealTree ├─┬ superagent@1.7.1
127 silly idealTree │ ├── combined-stream@0.0.7
127 silly idealTree │ ├── debug@2.6.9
127 silly idealTree │ ├── delayed-stream@0.0.5
127 silly idealTree │ ├── extend@1.2.1
127 silly idealTree │ ├── form-data@0.2.0
127 silly idealTree │ ├── isarray@0.0.1
127 silly idealTree │ ├── mime-db@1.12.0
127 silly idealTree │ ├── mime-types@2.0.14
127 silly idealTree │ ├── mime@1.3.4
127 silly idealTree │ ├── qs@2.3.3
127 silly idealTree │ ├── readable-stream@1.0.27-1
127 silly idealTree │ └── string_decoder@0.10.31
127 silly idealTree ├── supports-color@5.5.0
127 silly idealTree ├── table@5.4.6
127 silly idealTree ├── text-table@0.2.0
127 silly idealTree ├── through2-filter@3.0.0
127 silly idealTree ├── through2@2.0.5
127 silly idealTree ├── to-absolute-glob@2.0.2
127 silly idealTree ├── to-array@0.1.4
127 silly idealTree ├── to-fast-properties@2.0.0
127 silly idealTree ├── toidentifier@1.0.0
127 silly idealTree ├── token-stream@1.0.0
127 silly idealTree ├── tough-cookie@2.5.0
127 silly idealTree ├── tunnel-agent@0.6.0
127 silly idealTree ├── tweetnacl@0.14.5
127 silly idealTree ├── twitter@1.7.1
127 silly idealTree ├── type-check@0.4.0
127 silly idealTree ├── type-fest@0.8.1
127 silly idealTree ├── type-is@1.6.18
127 silly idealTree ├── type@1.2.0
127 silly idealTree ├── typedarray@0.0.6
127 silly idealTree ├── uid-safe@2.1.5
127 silly idealTree ├── ultron@1.1.1
127 silly idealTree ├── unc-path-regex@0.1.2
127 silly idealTree ├── unique-stream@2.3.1
127 silly idealTree ├── unpipe@1.0.0
127 silly idealTree ├── uri-js@4.2.2
127 silly idealTree ├── util-deprecate@1.0.2
127 silly idealTree ├── utils-merge@1.0.1
127 silly idealTree ├── uuid@3.4.0
127 silly idealTree ├── v8-compile-cache@2.1.1
127 silly idealTree ├── vary@1.1.2
127 silly idealTree ├── verror@1.10.0
127 silly idealTree ├── void-elements@3.1.0
127 silly idealTree ├── websocket-stream@5.5.2
127 silly idealTree ├── which@2.0.2
127 silly idealTree ├── with@7.0.2
127 silly idealTree ├── word-wrap@1.2.3
127 silly idealTree ├── wrappy@1.0.2
127 silly idealTree ├── write@1.0.3
127 silly idealTree ├── ws@3.3.3
127 silly idealTree ├─┬ xml-parser@1.2.1
127 silly idealTree │ └── debug@2.6.9
127 silly idealTree ├── xml2js@0.4.23
127 silly idealTree ├── xmlbuilder@11.0.1
127 silly idealTree ├── xmldom@0.1.19
127 silly idealTree ├── xmlhttprequest-ssl@1.5.5
127 silly idealTree ├── xtend@4.0.2
127 silly idealTree ├── yallist@3.1.1
127 silly idealTree └── yeast@0.1.2
128 silly generateActionsToTake Starting
129 silly install generateActionsToTake
130 silly generateActionsToTake Finishing
131 silly diffTrees action count 2
132 silly diffTrees add node-bin-setup@1.0.6
133 silly diffTrees add node@14.5.0
134 silly decomposeActions action count 16
135 silly decomposeActions fetch node-bin-setup@1.0.6
136 silly decomposeActions extract node-bin-setup@1.0.6
137 silly decomposeActions test node-bin-setup@1.0.6
138 silly decomposeActions preinstall node-bin-setup@1.0.6
139 silly decomposeActions build node-bin-setup@1.0.6
140 silly decomposeActions install node-bin-setup@1.0.6
141 silly decomposeActions postinstall node-bin-setup@1.0.6
142 silly decomposeActions finalize node-bin-setup@1.0.6
143 silly decomposeActions fetch node@14.5.0
144 silly decomposeActions extract node@14.5.0
145 silly decomposeActions test node@14.5.0
146 silly decomposeActions preinstall node@14.5.0
147 silly decomposeActions build node@14.5.0
148 silly decomposeActions install node@14.5.0
149 silly decomposeActions postinstall node@14.5.0
150 silly decomposeActions finalize node@14.5.0
151 silly runTopLevelLifecycles Starting
152 silly executeActions Starting
153 silly install executeActions
154 silly doSerial global-install 0
155 silly doParallel fetch 2
156 verbose correctMkdir /root/.npm/_locks correctMkdir not in flight; initializing
157 verbose lock using /root/.npm/_locks/staging-6cb7542e956cfe68.lock for /root/fiware/tutorials.Step-by-Step/context-provider/node_modules/.staging
158 silly doParallel extract 2
159 silly extract node-bin-setup@1.0.6
160 silly extract node@14.5.0
161 verbose unbuild node_modules/.staging/node-bin-setup-4d4c8ac5
162 verbose unbuild node_modules/.staging/node-33b2c907
163 silly gentlyRm /root/fiware/tutorials.Step-by-Step/context-provider/node_modules/.staging/node-bin-setup-4d4c8ac5 is being purged from base /root/fiware/tutorials.Step-by-Step/context-provider
164 verbose gentlyRm don't care about contents; nuking /root/fiware/tutorials.Step-by-Step/context-provider/node_modules/.staging/node-bin-setup-4d4c8ac5
165 verbose tar unpack /root/.npm/node-bin-setup/1.0.6/package.tgz
166 verbose tar unpacking to /root/fiware/tutorials.Step-by-Step/context-provider/node_modules/.staging/node-bin-setup-4d4c8ac5
167 silly gentlyRm /root/fiware/tutorials.Step-by-Step/context-provider/node_modules/.staging/node-bin-setup-4d4c8ac5 is being purged
168 verbose gentlyRm don't care about contents; nuking /root/fiware/tutorials.Step-by-Step/context-provider/node_modules/.staging/node-bin-setup-4d4c8ac5
169 silly gentlyRm /root/fiware/tutorials.Step-by-Step/context-provider/node_modules/.staging/node-33b2c907 is being purged from base /root/fiware/tutorials.Step-by-Step/context-provider
170 verbose gentlyRm don't care about contents; nuking /root/fiware/tutorials.Step-by-Step/context-provider/node_modules/.staging/node-33b2c907
171 silly gunzTarPerm modes [ '755', '644' ]
172 verbose tar unpack /root/.npm/node/14.5.0/package.tgz
173 verbose tar unpacking to /root/fiware/tutorials.Step-by-Step/context-provider/node_modules/.staging/node-33b2c907
174 silly gentlyRm /root/fiware/tutorials.Step-by-Step/context-provider/node_modules/.staging/node-33b2c907 is being purged
175 verbose gentlyRm don't care about contents; nuking /root/fiware/tutorials.Step-by-Step/context-provider/node_modules/.staging/node-33b2c907
176 silly gunzTarPerm modes [ '755', '644' ]
177 silly gunzTarPerm extractEntry package.json
178 silly gunzTarPerm extractEntry installArchSpecificPackage.js
179 silly gunzTarPerm extractEntry index.js
180 silly gunzTarPerm extractEntry package.json
181 silly gunzTarPerm extractEntry README.md
182 silly gentlyRm /root/fiware/tutorials.Step-by-Step/context-provider/node_modules/.staging/node-bin-setup-4d4c8ac5/node_modules is being purged
183 verbose gentlyRm don't care about contents; nuking /root/fiware/tutorials.Step-by-Step/context-provider/node_modules/.staging/node-bin-setup-4d4c8ac5/node_modules
184 silly gentlyRm /root/fiware/tutorials.Step-by-Step/context-provider/node_modules/.staging/node-33b2c907/node_modules is being purged
185 verbose gentlyRm don't care about contents; nuking /root/fiware/tutorials.Step-by-Step/context-provider/node_modules/.staging/node-33b2c907/node_modules
186 silly doParallel preinstall 2
187 silly preinstall node-bin-setup@1.0.6 /root/fiware/tutorials.Step-by-Step/context-provider/node_modules/.staging/node-bin-setup-4d4c8ac5
188 info lifecycle node-bin-setup@1.0.6~preinstall: node-bin-setup@1.0.6
189 silly preinstall node@14.5.0 /root/fiware/tutorials.Step-by-Step/context-provider/node_modules/.staging/node-33b2c907
190 info lifecycle node@14.5.0~preinstall: node@14.5.0
191 silly lifecycle node-bin-setup@1.0.6~preinstall: no script for preinstall, continuing
192 warn lifecycle node@14.5.0~preinstall: cannot run in wd %s %s (wd=%s) node@14.5.0 node installArchSpecificPackage /root/fiware/tutorials.Step-by-Step/context-provider/node_modules/.staging/node-33b2c907
193 silly doReverseSerial remove 0
194 silly doSerial move 0
195 silly doSerial finalize 2
196 silly finalize /root/fiware/tutorials.Step-by-Step/context-provider/node_modules/node-bin-setup
197 silly finalize /root/fiware/tutorials.Step-by-Step/context-provider/node_modules/node
198 silly doSerial build 2
199 silly build node-bin-setup@1.0.6
200 info linkStuff node-bin-setup@1.0.6
201 silly linkStuff node-bin-setup@1.0.6 has /root/fiware/tutorials.Step-by-Step/context-provider/node_modules as its parent node_modules
202 verbose linkBins node-bin-setup@1.0.6
203 verbose linkMans node-bin-setup@1.0.6
204 silly build node@14.5.0
205 info linkStuff node@14.5.0
206 silly linkStuff node@14.5.0 has /root/fiware/tutorials.Step-by-Step/context-provider/node_modules as its parent node_modules
207 verbose linkBins node@14.5.0
208 verbose link bins [ { node: 'bin/node' },
208 verbose link bins   '/root/fiware/tutorials.Step-by-Step/context-provider/node_modules/.bin',
208 verbose link bins   false ]
209 verbose linkMans node@14.5.0
210 verbose unlock done using /root/.npm/_locks/staging-6cb7542e956cfe68.lock for /root/fiware/tutorials.Step-by-Step/context-provider/node_modules/.staging
211 silly rollbackFailedOptional Starting
212 silly rollbackFailedOptional Finishing
213 silly runTopLevelLifecycles Finishing
214 silly install printInstalled
215 warn ws@7.3.1 requires a peer of bufferutil@^4.0.1 but none was installed.
216 verbose If you need help, you may report this error at:
216 verbose     <https://github.com/npm/npm/issues>
217 warn ws@7.3.1 requires a peer of utf-8-validate@^5.0.2 but none was installed.
218 verbose If you need help, you may report this error at:
218 verbose     <https://github.com/npm/npm/issues>
219 verbose stack Error: ENOENT: no such file or directory, chmod '/root/fiware/tutorials.Step-by-Step/context-provider/node_modules/node/bin/node'
219 verbose stack     at Error (native)
220 verbose cwd /root/fiware/tutorials.Step-by-Step/context-provider
221 error Linux 3.10.0-1127.10.1.el7.x86_64
222 error argv "/usr/bin/node" "/bin/npm" "install" "node"
223 error node v6.17.1
224 error npm  v3.10.10
225 error path /root/fiware/tutorials.Step-by-Step/context-provider/node_modules/node/bin/node
226 error code ENOENT
227 error errno -2
228 error syscall chmod
229 error enoent ENOENT: no such file or directory, chmod '/root/fiware/tutorials.Step-by-Step/context-provider/node_modules/node/bin/node'
230 error enoent ENOENT: no such file or directory, chmod '/root/fiware/tutorials.Step-by-Step/context-provider/node_modules/node/bin/node'
230 error enoent This is most likely not a problem with npm itself
230 error enoent and is related to npm not being able to find a file.
231 verbose exit [ -2, true ]
